<?xml version="1.0" encoding="UTF-8"?>
<coverage generated="1597301616812" clover="3.2.0">
  <project timestamp="1597301616813" name="All files">
    <metrics statements="25" coveredstatements="20" conditionals="0" coveredconditionals="0" methods="19" coveredmethods="15" elements="44" coveredelements="35" complexity="0" loc="25" ncloc="25" packages="1" files="6" classes="6"/>
    <file name="app.jsx" path="/Users/maureenlee/Desktop/HR/main-image-module/client/src/components/app.jsx">
      <metrics statements="12" coveredstatements="9" conditionals="0" coveredconditionals="0" methods="7" coveredmethods="5"/>
      <line num="10" count="1" type="stmt"/>
      <line num="11" count="1" type="stmt"/>
      <line num="18" count="1" type="stmt"/>
      <line num="19" count="1" type="stmt"/>
      <line num="26" count="1" type="stmt"/>
      <line num="27" count="1" type="stmt"/>
      <line num="38" count="1" type="stmt"/>
      <line num="40" count="0" type="stmt"/>
      <line num="41" count="0" type="stmt"/>
      <line num="44" count="0" type="stmt"/>
      <line num="88" count="1" type="stmt"/>
      <line num="89" count="1" type="stmt"/>
    </file>
    <file name="headerImage.jsx" path="/Users/maureenlee/Desktop/HR/main-image-module/client/src/components/headerImage.jsx">
      <metrics statements="2" coveredstatements="2" conditionals="0" coveredconditionals="0" methods="2" coveredmethods="2"/>
      <line num="6" count="1" type="stmt"/>
      <line num="10" count="1" type="stmt"/>
    </file>
    <file name="image.jsx" path="/Users/maureenlee/Desktop/HR/main-image-module/client/src/components/image.jsx">
      <metrics statements="4" coveredstatements="3" conditionals="0" coveredconditionals="0" methods="3" coveredmethods="2"/>
      <line num="7" count="1" type="stmt"/>
      <line num="9" count="1" type="stmt"/>
      <line num="13" count="0" type="stmt"/>
      <line num="17" count="1" type="stmt"/>
    </file>
    <file name="imageList.jsx" path="/Users/maureenlee/Desktop/HR/main-image-module/client/src/components/imageList.jsx">
      <metrics statements="3" coveredstatements="2" conditionals="0" coveredconditionals="0" methods="3" coveredmethods="2"/>
      <line num="8" count="1" type="stmt"/>
      <line num="12" count="1" type="stmt"/>
      <line num="16" count="0" type="stmt"/>
    </file>
    <file name="leftArrow.jsx" path="/Users/maureenlee/Desktop/HR/main-image-module/client/src/components/leftArrow.jsx">
      <metrics statements="2" coveredstatements="2" conditionals="0" coveredconditionals="0" methods="2" coveredmethods="2"/>
      <line num="7" count="1" type="stmt"/>
      <line num="12" count="1" type="stmt"/>
    </file>
    <file name="rightArrow.jsx" path="/Users/maureenlee/Desktop/HR/main-image-module/client/src/components/rightArrow.jsx">
      <metrics statements="2" coveredstatements="2" conditionals="0" coveredconditionals="0" methods="2" coveredmethods="2"/>
      <line num="7" count="1" type="stmt"/>
      <line num="12" count="1" type="stmt"/>
    </file>
  </project>
</coverage>
